===== No-Stemming =====

--- Model: No-Stemming + Frequency ---
Accuracy: 0.8890
Confusion Matrix:
  Predicted:
         Neg(0) Pos(1)
Actual Neg(0) [ 2916  |  84   ]
Actual Pos(1) [  380  |  802  ]


--- Model: No-Stemming + Binary ---
Accuracy: 0.8864
Confusion Matrix:
  Predicted:
         Neg(0) Pos(1)
Actual Neg(0) [ 2925  |  75   ]
Actual Pos(1) [  400  |  782  ]

===== Stemmed =====

--- Model: Stemmed + Frequency ---
Accuracy: 0.8960
Confusion Matrix:
  Predicted:
         Neg(0) Pos(1)
Actual Neg(0) [ 2911  |  89   ]
Actual Pos(1) [  346  |  836  ]


--- Model: Stemmed + Binary ---
Accuracy: 0.8950
Confusion Matrix:
  Predicted:
         Neg(0) Pos(1)
Actual Neg(0) [ 2924  |  76   ]
Actual Pos(1) [  363  |  819  ]
